\BOOKMARK [0][-]{chapter*.1}{\376\377\144\130\000\040\000\040\211\201}{}% 1
\BOOKMARK [0][-]{chapter*.2}{\376\377\000A\000B\000S\000T\000R\000A\000C\000T}{}% 2
\BOOKMARK [0][-]{chapter.1}{\376\377\176\352\213\272}{}% 3
\BOOKMARK [1][-]{section.1.1}{}{chapter.1}% 4
\BOOKMARK [2][-]{subsection.1.1.1}{}{section.1.1}% 5
\BOOKMARK [0][-]{chapter.2}{}{}% 6
\BOOKMARK [1][-]{section.2.1}{}{chapter.2}% 7
\BOOKMARK [2][-]{subsection.2.1.1}{}{section.2.1}% 8
\BOOKMARK [0][-]{chapter.3}{}{}% 9
\BOOKMARK [1][-]{section.3.1}{}{chapter.3}% 10
\BOOKMARK [2][-]{subsection.3.1.1}{}{section.3.1}% 11
\BOOKMARK [0][-]{chapter.4}{}{}% 12
\BOOKMARK [1][-]{section.4.1}{\376\377\137\025\212\000}{chapter.4}% 13
\BOOKMARK [2][-]{subsection.4.1.1}{}{section.4.1}% 14
\BOOKMARK [0][-]{chapter.5}{}{}% 15
\BOOKMARK [1][-]{section.5.1}{}{chapter.5}% 16
\BOOKMARK [0][-]{chapter.6}{\376\377\140\073\176\323\116\016\134\125\147\033}{}% 17
\BOOKMARK [1][-]{section.6.1}{\376\377\140\073\176\323}{chapter.6}% 18
\BOOKMARK [1][-]{section.6.2}{\376\377\134\125\147\033}{chapter.6}% 19
\BOOKMARK [0][-]{section*.7}{\376\377\123\302\200\003\145\207\163\056}{}% 20
\BOOKMARK [0][-]{chapter*.9}{\376\377\201\364\214\042}{}% 21
\BOOKMARK [0][-]{chapter*.10}{\376\377\145\073\213\373\123\132\130\353\133\146\117\115\147\037\225\364\133\214\142\020\166\204\213\272\145\207\123\312\121\166\116\326\171\321\170\024\142\020\147\234}{}% 22
